2024-07-08T20:02:19.756695+00:00 WARNING 'ansible_navigator.image_manager.puller._log_message' Image inspection failed, image assumed to be corrupted or missing
2024-07-08T20:02:19.757464+00:00 WARNING 'ansible_navigator.image_manager.puller._log_message' stdout: []

2024-07-08T20:02:19.757578+00:00 WARNING 'ansible_navigator.image_manager.puller._log_message' stderr: Error: ghcr.io/ansible/creator-ee:v24.2.0: image not known

2024-07-08T20:03:06.622272+00:00 ERROR 'ansible_navigator.actions.images._parse' Unable to extract introspection from stdout
Traceback (most recent call last):
  File "/usr/local/lib/python3.12/site-packages/ansible_navigator/actions/images.py", line 537, in _parse
    _warnings, json_str = output.split("{", 1)
    ^^^^^^^^^^^^^^^^^^^
ValueError: not enough values to unpack (expected 2, got 1)
2024-07-08T20:03:06.624391+00:00 ERROR 'ansible_navigator.actions.images._parse' Image introspection failed (parsed), the return value was: Traceback (most recent call last):
  File "/home/eames/.cache/ansible-navigator/image_introspect.py", line 16, in <module>
    from typing import TypeAlias
ImportError: cannot import name 'TypeAlias' from 'typing' (/usr/lib64/python3.9/typing.py)
Traceback (most recent call last):
  File "/usr/local/lib/python3.12/site-packages/ansible_navigator/actions/images.py", line 537, in _parse
    _warnings, json_str = output.split("{", 1)
    ^^^^^^^^^^^^^^^^^^^
ValueError: not enough values to unpack (expected 2, got 1)
2024-07-08T20:03:45.268338+00:00 CRITICAL 'ansible_navigator.actions._actions.run_interactive' Subcommand 'select' encountered a fatal error.
2024-07-08T20:03:45.268758+00:00 ERROR 'ansible_navigator.actions._actions.run_interactive' Logging an uncaught exception
Traceback (most recent call last):
  File "/usr/local/lib/python3.12/site-packages/ansible_navigator/actions/_actions.py", line 172, in run_interactive
    return run_action(app=app, interaction=interaction)
           ^^^^^^^^^^^^^^^^^^^^^^^^^^^^^^^^^^^^^^^^^^^^
  File "/usr/local/lib/python3.12/site-packages/ansible_navigator/actions/select.py", line 41, in run
    app.steps.append(app.steps.current.select_func())  # add next
                     ^^^^^^^^^^^^^^^^^^^^^^^^^^^^^^^
  File "/usr/local/lib/python3.12/site-packages/ansible_navigator/actions/images.py", line 313, in _build_image_content
    value=self._images.selected["general"],
          ~~~~~~~~~~~~~~~~~~~~~^^^^^^^^^^^
KeyError: 'general'
2024-07-08T20:04:01.449248+00:00 ERROR 'ansible_navigator.actions.images._parse' Unable to extract introspection from stdout
Traceback (most recent call last):
  File "/usr/local/lib/python3.12/site-packages/ansible_navigator/actions/images.py", line 537, in _parse
    _warnings, json_str = output.split("{", 1)
    ^^^^^^^^^^^^^^^^^^^
ValueError: not enough values to unpack (expected 2, got 1)
2024-07-08T20:04:01.450691+00:00 ERROR 'ansible_navigator.actions.images._parse' Image introspection failed (parsed), the return value was: Traceback (most recent call last):
  File "/home/eames/.cache/ansible-navigator/image_introspect.py", line 16, in <module>
    from typing import TypeAlias
ImportError: cannot import name 'TypeAlias' from 'typing' (/usr/lib64/python3.9/typing.py)
Traceback (most recent call last):
  File "/usr/local/lib/python3.12/site-packages/ansible_navigator/actions/images.py", line 537, in _parse
    _warnings, json_str = output.split("{", 1)
    ^^^^^^^^^^^^^^^^^^^
ValueError: not enough values to unpack (expected 2, got 1)
2024-07-08T20:04:10.762745+00:00 WARNING 'ansible_navigator.run' Dirty exit, killing the pid
